<?xml version="1.0" encoding="utf-8" standalone="no"?>
<!--This file represents the results of running a test suite-->
<test-results name="D:\Naved\Upwork\Oblonglobal\Script\theOblang_Global\theOblang_Global\bin\Debug\theOblang_Global.dll" total="1" errors="0" failures="0" not-run="0" inconclusive="0" ignored="0" skipped="0" invalid="0" date="2016-01-15" time="20:53:51">
  <environment nunit-version="2.6.4.14350" clr-version="2.0.50727.4927" os-version="Microsoft Windows NT 6.1.7600.0" platform="Win32NT" cwd="C:\Program Files\NUnit 2.6.4\bin" machine-name="MANOJ-PC" user="Manoj" user-domain="Manoj-PC" />
  <culture-info current-culture="en-US" current-uiculture="en-US" />
  <test-suite type="Assembly" name="D:\Naved\Upwork\Oblonglobal\Script\theOblang_Global\theOblang_Global\bin\Debug\theOblang_Global.dll" executed="True" result="Success" success="True" time="258.591" asserts="0">
    <results>
      <test-suite type="Namespace" name="theOblang_Global" executed="True" result="Success" success="True" time="258.590" asserts="0">
        <results>
          <test-suite type="Namespace" name="TestScripts" executed="True" result="Success" success="True" time="258.590" asserts="0">
            <results>
              <test-suite type="TestFixture" name="_06Analysis" executed="True" result="Success" success="True" time="258.589" asserts="0">
                <results>
                  <test-case name="theOblang_Global.TestScripts._06Analysis.analysis" executed="True" result="Success" success="True" time="244.816" asserts="3" />
                </results>
              </test-suite>
            </results>
          </test-suite>
        </results>
      </test-suite>
    </results>
  </test-suite>
</test-results>